[2025-12-16T21:33:19.978+0000] {local_task_job_runner.py:120} INFO - ::group::Pre task execution logs
[2025-12-16T21:33:20.002+0000] {taskinstance.py:2076} INFO - Dependencies all met for dep_context=non-requeueable deps ti=<TaskInstance: openaq_elt_pipeline.ingest_locations manual__2025-12-16T21:33:19.639304+00:00 [queued]>
[2025-12-16T21:33:20.005+0000] {taskinstance.py:2076} INFO - Dependencies all met for dep_context=requeueable deps ti=<TaskInstance: openaq_elt_pipeline.ingest_locations manual__2025-12-16T21:33:19.639304+00:00 [queued]>
[2025-12-16T21:33:20.005+0000] {taskinstance.py:2306} INFO - Starting attempt 1 of 1
[2025-12-16T21:33:20.012+0000] {taskinstance.py:2330} INFO - Executing <Task(BashOperator): ingest_locations> on 2025-12-16 21:33:19.639304+00:00
[2025-12-16T21:33:20.017+0000] {logging_mixin.py:188} WARNING - /home/***/.local/lib/python3.12/site-packages/***/task/task_runner/standard_task_runner.py:62 DeprecationWarning: This process (pid=184) is multi-threaded, use of fork() may lead to deadlocks in the child.
[2025-12-16T21:33:20.017+0000] {standard_task_runner.py:64} INFO - Started process 185 to run task
[2025-12-16T21:33:20.017+0000] {standard_task_runner.py:90} INFO - Running: ['***', 'tasks', 'run', 'openaq_elt_pipeline', 'ingest_locations', 'manual__2025-12-16T21:33:19.639304+00:00', '--job-id', '3', '--raw', '--subdir', 'DAGS_FOLDER/openaq_elt_dag.py', '--cfg-path', '/tmp/tmps7grvfnr']
[2025-12-16T21:33:20.018+0000] {standard_task_runner.py:91} INFO - Job 3: Subtask ingest_locations
[2025-12-16T21:33:20.042+0000] {task_command.py:426} INFO - Running <TaskInstance: openaq_elt_pipeline.ingest_locations manual__2025-12-16T21:33:19.639304+00:00 [running]> on host e2b9434c3860
[2025-12-16T21:33:20.086+0000] {taskinstance.py:2648} INFO - Exporting env vars: AIRFLOW_CTX_DAG_OWNER='***' AIRFLOW_CTX_DAG_ID='openaq_elt_pipeline' AIRFLOW_CTX_TASK_ID='ingest_locations' AIRFLOW_CTX_EXECUTION_DATE='2025-12-16T21:33:19.639304+00:00' AIRFLOW_CTX_TRY_NUMBER='1' AIRFLOW_CTX_DAG_RUN_ID='manual__2025-12-16T21:33:19.639304+00:00'
[2025-12-16T21:33:20.086+0000] {taskinstance.py:430} INFO - ::endgroup::
[2025-12-16T21:33:20.105+0000] {subprocess.py:63} INFO - Tmp dir root location: /tmp
[2025-12-16T21:33:20.106+0000] {subprocess.py:75} INFO - Running command: ['/usr/bin/bash', '-c', '\n        cd /opt/project/ingest &&\n        python ingest_locations.py\n        ']
[2025-12-16T21:33:20.110+0000] {subprocess.py:86} INFO - Output:
[2025-12-16T21:33:21.530+0000] {subprocess.py:93} INFO - Traceback (most recent call last):
[2025-12-16T21:33:21.531+0000] {subprocess.py:93} INFO -   File "/opt/project/ingest/ingest_locations.py", line 13, in <module>
[2025-12-16T21:33:21.532+0000] {subprocess.py:93} INFO -     client = bigquery.Client()
[2025-12-16T21:33:21.533+0000] {subprocess.py:93} INFO -              ^^^^^^^^^^^^^^^^^
[2025-12-16T21:33:21.533+0000] {subprocess.py:93} INFO -   File "/home/***/.local/lib/python3.12/site-packages/google/cloud/bigquery/client.py", line 241, in __init__
[2025-12-16T21:33:21.534+0000] {subprocess.py:93} INFO -     super(Client, self).__init__(
[2025-12-16T21:33:21.534+0000] {subprocess.py:93} INFO -   File "/home/***/.local/lib/python3.12/site-packages/google/cloud/client/__init__.py", line 320, in __init__
[2025-12-16T21:33:21.534+0000] {subprocess.py:93} INFO -     _ClientProjectMixin.__init__(self, project=project, credentials=credentials)
[2025-12-16T21:33:21.534+0000] {subprocess.py:93} INFO -   File "/home/***/.local/lib/python3.12/site-packages/google/cloud/client/__init__.py", line 268, in __init__
[2025-12-16T21:33:21.534+0000] {subprocess.py:93} INFO -     project = self._determine_default(project)
[2025-12-16T21:33:21.534+0000] {subprocess.py:93} INFO -               ^^^^^^^^^^^^^^^^^^^^^^^^^^^^^^^^
[2025-12-16T21:33:21.534+0000] {subprocess.py:93} INFO -   File "/home/***/.local/lib/python3.12/site-packages/google/cloud/client/__init__.py", line 287, in _determine_default
[2025-12-16T21:33:21.534+0000] {subprocess.py:93} INFO -     return _determine_default_project(project)
[2025-12-16T21:33:21.534+0000] {subprocess.py:93} INFO -            ^^^^^^^^^^^^^^^^^^^^^^^^^^^^^^^^^^^
[2025-12-16T21:33:21.537+0000] {subprocess.py:93} INFO -   File "/home/***/.local/lib/python3.12/site-packages/google/cloud/_helpers/__init__.py", line 152, in _determine_default_project
[2025-12-16T21:33:21.537+0000] {subprocess.py:93} INFO -     _, project = google.auth.default()
[2025-12-16T21:33:21.537+0000] {subprocess.py:93} INFO -                  ^^^^^^^^^^^^^^^^^^^^^
[2025-12-16T21:33:21.538+0000] {subprocess.py:93} INFO -   File "/home/***/.local/lib/python3.12/site-packages/google/auth/_default.py", line 657, in default
[2025-12-16T21:33:21.538+0000] {subprocess.py:93} INFO -     credentials, project_id = checker()
[2025-12-16T21:33:21.538+0000] {subprocess.py:93} INFO -                               ^^^^^^^^^
[2025-12-16T21:33:21.538+0000] {subprocess.py:93} INFO -   File "/home/***/.local/lib/python3.12/site-packages/google/auth/_default.py", line 650, in <lambda>
[2025-12-16T21:33:21.538+0000] {subprocess.py:93} INFO -     lambda: _get_explicit_environ_credentials(quota_project_id=quota_project_id),
[2025-12-16T21:33:21.538+0000] {subprocess.py:93} INFO -             ^^^^^^^^^^^^^^^^^^^^^^^^^^^^^^^^^^^^^^^^^^^^^^^^^^^^^^^^^^^^^^^^^^^^
[2025-12-16T21:33:21.538+0000] {subprocess.py:93} INFO -   File "/home/***/.local/lib/python3.12/site-packages/google/auth/_default.py", line 270, in _get_explicit_environ_credentials
[2025-12-16T21:33:21.538+0000] {subprocess.py:93} INFO -     credentials, project_id = load_credentials_from_file(
[2025-12-16T21:33:21.538+0000] {subprocess.py:93} INFO -                               ^^^^^^^^^^^^^^^^^^^^^^^^^^^
[2025-12-16T21:33:21.538+0000] {subprocess.py:93} INFO -   File "/home/***/.local/lib/python3.12/site-packages/google/auth/_default.py", line 114, in load_credentials_from_file
[2025-12-16T21:33:21.538+0000] {subprocess.py:93} INFO -     raise exceptions.DefaultCredentialsError(
[2025-12-16T21:33:21.538+0000] {subprocess.py:93} INFO - google.auth.exceptions.DefaultCredentialsError: File /Users/tylerguo/Downloads/openaq-elt-pipeline-d396d735c905.json was not found.
[2025-12-16T21:33:21.589+0000] {subprocess.py:97} INFO - Command exited with return code 1
[2025-12-16T21:33:21.589+0000] {taskinstance.py:441} INFO - ::group::Post task execution logs
[2025-12-16T21:33:21.596+0000] {taskinstance.py:2905} ERROR - Task failed with exception
Traceback (most recent call last):
  File "/home/airflow/.local/lib/python3.12/site-packages/airflow/models/taskinstance.py", line 465, in _execute_task
    result = _execute_callable(context=context, **execute_callable_kwargs)
             ^^^^^^^^^^^^^^^^^^^^^^^^^^^^^^^^^^^^^^^^^^^^^^^^^^^^^^^^^^^^^
  File "/home/airflow/.local/lib/python3.12/site-packages/airflow/models/taskinstance.py", line 432, in _execute_callable
    return execute_callable(context=context, **execute_callable_kwargs)
           ^^^^^^^^^^^^^^^^^^^^^^^^^^^^^^^^^^^^^^^^^^^^^^^^^^^^^^^^^^^^
  File "/home/airflow/.local/lib/python3.12/site-packages/airflow/models/baseoperator.py", line 401, in wrapper
    return func(self, *args, **kwargs)
           ^^^^^^^^^^^^^^^^^^^^^^^^^^^
  File "/home/airflow/.local/lib/python3.12/site-packages/airflow/operators/bash.py", line 243, in execute
    raise AirflowException(
airflow.exceptions.AirflowException: Bash command failed. The command returned a non-zero exit code 1.
[2025-12-16T21:33:21.598+0000] {taskinstance.py:1206} INFO - Marking task as FAILED. dag_id=openaq_elt_pipeline, task_id=ingest_locations, run_id=manual__2025-12-16T21:33:19.639304+00:00, execution_date=20251216T213319, start_date=20251216T213320, end_date=20251216T213321
[2025-12-16T21:33:21.604+0000] {standard_task_runner.py:110} ERROR - Failed to execute job 3 for task ingest_locations (Bash command failed. The command returned a non-zero exit code 1.; 185)
[2025-12-16T21:33:21.627+0000] {local_task_job_runner.py:243} INFO - Task exited with return code 1
[2025-12-16T21:33:21.637+0000] {taskinstance.py:3503} INFO - 0 downstream tasks scheduled from follow-on schedule check
[2025-12-16T21:33:21.639+0000] {local_task_job_runner.py:222} INFO - ::endgroup::
